SF:lib/app/shared/data/models/category.dart
DA:5,5
DA:9,3
DA:10,3
DA:12,1
DA:13,2
DA:15,3
DA:17,4
DA:18,8
DA:20,12
DA:22,2
DA:25,2
DA:26,6
DA:27,6
DA:29,0
DA:30,0
LF:15
LH:13
end_of_record
SF:lib/constants/app_settings.dart
DA:4,0
LF:1
LH:0
end_of_record
SF:lib/app/shared/repositories/quotes/requests/categories/categories_response.dart
DA:7,1
DA:9,5
LF:2
LH:2
end_of_record
SF:lib/app/shared/network/network_mappers.dart
DA:7,0
DA:8,0
DA:9,0
DA:10,0
DA:11,0
DA:12,0
DA:13,0
LF:7
LH:0
end_of_record
SF:lib/constants/app_strings.dart
DA:2,0
LF:1
LH:0
end_of_record
SF:lib/app/shared/data/models/quote.dart
DA:11,4
DA:29,3
DA:31,3
DA:33,4
DA:34,4
DA:35,0
DA:36,4
DA:37,8
DA:38,14
DA:42,8
DA:46,8
DA:47,4
DA:48,8
DA:49,4
DA:50,4
DA:51,8
DA:52,4
DA:53,4
DA:56,6
DA:57,15
DA:58,6
DA:59,3
DA:60,3
DA:61,6
DA:62,3
DA:63,3
DA:66,1
DA:69,7
DA:71,0
DA:72,0
LF:30
LH:27
end_of_record
SF:lib/app/shared/repositories/quotes/requests/random/random_response.dart
DA:7,2
DA:9,4
LF:2
LH:2
end_of_record
SF:lib/app/shared/data/models/search_result.dart
DA:5,0
DA:13,2
DA:19,2
DA:20,4
DA:22,6
DA:24,4
DA:25,2
DA:26,4
DA:27,2
DA:28,8
DA:32,4
DA:33,2
DA:34,4
DA:35,2
DA:36,8
DA:40,1
DA:42,1
DA:44,1
DA:45,1
DA:46,3
DA:47,3
DA:48,3
DA:53,2
DA:56,2
DA:57,6
DA:58,6
DA:60,2
DA:61,4
LF:28
LH:27
end_of_record
SF:lib/app/shared/repositories/quotes/requests/search/search_response.dart
DA:8,1
DA:9,3
DA:12,1
DA:14,2
DA:15,2
DA:16,3
DA:18,2
LF:7
LH:7
end_of_record
SF:lib/app/helpers/extensions/string_extension.dart
DA:4,3
LF:1
LH:1
end_of_record
SF:lib/app/shared/data/viewmodels/shared_prefs.dart
DA:10,1
DA:12,1
DA:14,2
DA:16,1
DA:18,2
LF:5
LH:5
end_of_record
SF:lib/app/helpers/dependency_assembly.dart
DA:8,3
DA:11,1
DA:13,1
DA:16,1
DA:18,2
DA:19,1
DA:20,1
DA:23,1
DA:26,1
DA:27,1
DA:28,1
DA:29,1
DA:31,2
DA:32,1
LF:14
LH:14
end_of_record
SF:lib/app/shared/data/viewmodels/past_searches_model.dart
DA:8,1
DA:9,1
DA:12,2
DA:14,2
DA:15,1
DA:16,2
DA:17,2
DA:19,1
DA:20,3
DA:21,2
DA:22,1
DA:28,1
DA:29,2
DA:30,5
DA:31,1
DA:32,4
DA:34,2
DA:35,1
DA:36,1
LF:19
LH:19
end_of_record
SF:lib/constants/app_sharedpref.dart
DA:2,0
LF:1
LH:0
end_of_record
