SF:lib/app/helpers/dependency_assembly.dart
DA:11,9
DA:14,3
DA:15,6
DA:16,6
DA:18,8
DA:20,8
DA:22,6
DA:23,4
DA:26,6
DA:27,2
DA:29,6
DA:30,0
DA:32,6
DA:33,4
LF:14
LH:13
end_of_record
SF:lib/app/shared/data/viewmodels/cache_viewmodel.dart
DA:12,2
DA:13,2
DA:18,1
DA:19,2
DA:21,2
DA:22,2
DA:24,6
DA:25,4
DA:26,4
DA:29,2
DA:32,1
DA:33,1
DA:34,1
DA:35,2
DA:36,1
DA:39,1
DA:40,5
DA:41,1
DA:44,1
DA:45,2
DA:46,1
DA:49,1
DA:50,2
DA:51,1
DA:54,1
DA:55,3
DA:56,2
LF:27
LH:27
end_of_record
SF:lib/constants/app_sharedpref.dart
DA:2,0
LF:1
LH:0
end_of_record
SF:lib/app/shared/data/models/category.dart
DA:5,7
DA:9,3
DA:10,3
DA:12,2
DA:13,4
DA:15,6
DA:17,6
DA:18,12
DA:20,18
DA:22,2
DA:25,2
DA:26,6
DA:27,6
DA:30,0
DA:31,0
LF:15
LH:13
end_of_record
SF:lib/app/shared/data/models/quote.dart
DA:11,5
DA:29,6
DA:31,6
DA:33,5
DA:34,5
DA:35,0
DA:36,5
DA:37,10
DA:38,17
DA:42,9
DA:46,5
DA:47,5
DA:48,5
DA:49,10
DA:50,5
DA:51,5
DA:52,10
DA:53,5
DA:54,5
DA:58,3
DA:67,3
DA:68,3
DA:69,3
DA:70,3
DA:71,0
DA:72,3
DA:73,3
DA:74,3
DA:77,4
DA:78,4
DA:79,20
DA:80,8
DA:81,4
DA:82,4
DA:83,8
DA:84,4
DA:85,4
DA:89,2
DA:92,14
DA:95,1
DA:96,2
LF:41
LH:39
end_of_record
SF:lib/app/shared/repositories/quotes/requests/random/random_response.dart
DA:7,2
DA:9,4
LF:2
LH:2
end_of_record
SF:lib/app/shared/data/viewmodels/categories_model..dart
DA:15,1
DA:16,1
DA:22,1
DA:23,2
DA:25,1
DA:26,1
DA:27,2
DA:29,2
DA:31,3
DA:33,2
DA:35,1
DA:38,1
DA:39,1
DA:40,3
DA:44,1
DA:45,2
DA:46,4
DA:48,2
DA:49,0
DA:52,1
DA:53,1
DA:54,1
DA:55,2
DA:56,1
DA:59,1
DA:60,1
DA:61,1
DA:63,2
DA:64,1
DA:65,1
DA:67,1
DA:68,1
DA:71,1
DA:72,1
DA:74,2
DA:75,1
DA:76,1
DA:79,1
DA:82,1
DA:83,1
DA:84,2
DA:86,2
DA:88,0
DA:90,0
LF:44
LH:41
end_of_record
SF:lib/app/shared/data/viewmodels/past_searches_model.dart
DA:12,2
DA:13,2
DA:18,1
DA:19,2
DA:21,2
DA:22,6
DA:23,2
DA:24,4
DA:27,1
DA:28,1
DA:29,1
DA:30,2
DA:31,1
DA:34,1
DA:36,3
DA:37,2
DA:40,1
DA:44,0
DA:45,0
DA:46,0
DA:50,1
DA:51,1
DA:52,2
DA:53,5
DA:54,1
DA:55,4
DA:58,2
DA:59,1
DA:62,1
DA:66,0
DA:67,0
DA:68,0
DA:69,0
DA:70,0
DA:74,0
DA:76,0
DA:79,0
DA:80,0
DA:83,0
DA:87,0
DA:88,0
DA:89,0
DA:90,0
LF:43
LH:26
end_of_record
SF:lib/app/shared/data/viewmodels/shared_prefs_settings.dart
DA:9,0
DA:10,0
DA:15,0
DA:16,0
DA:17,0
DA:18,0
DA:21,0
DA:22,0
DA:24,0
DA:25,0
DA:27,0
LF:11
LH:0
end_of_record
SF:lib/app/shared/network/http_session.dart
DA:19,1
DA:20,2
DA:22,3
DA:23,2
DA:28,1
DA:33,2
DA:35,1
DA:36,1
DA:37,3
DA:39,3
DA:40,2
DA:41,1
DA:42,4
DA:43,4
DA:44,2
DA:46,0
DA:47,0
DA:49,0
DA:52,0
DA:53,0
LF:20
LH:15
end_of_record
SF:lib/app/shared/repositories/quotes/quotes_repository.dart
DA:24,1
DA:25,3
DA:26,2
DA:27,1
DA:30,2
DA:31,0
DA:32,0
DA:35,0
DA:36,0
DA:37,0
DA:38,0
DA:41,0
DA:42,0
DA:43,0
DA:45,0
DA:46,0
DA:49,0
DA:50,0
DA:51,0
DA:52,0
DA:53,0
DA:56,0
DA:58,0
DA:59,0
DA:61,0
DA:62,0
DA:63,0
DA:66,0
DA:67,0
DA:68,0
DA:69,0
DA:71,0
DA:72,0
DA:75,0
DA:76,0
DA:77,0
DA:78,0
DA:81,0
DA:82,0
DA:83,0
DA:85,0
DA:86,0
LF:42
LH:5
end_of_record
SF:lib/app/helpers/enum/view_state.dart
DA:1,21
LF:1
LH:1
end_of_record
SF:lib/app/helpers/extensions/enum_extension.dart
DA:24,0
DA:26,2
LF:2
LH:1
end_of_record
SF:lib/app/helpers/extensions/response_extension.dart
DA:4,1
DA:5,4
DA:6,3
DA:7,1
LF:4
LH:4
end_of_record
SF:lib/constants/app_settings.dart
DA:4,0
LF:1
LH:0
end_of_record
SF:lib/app/shared/data/models/search_result.dart
DA:5,0
DA:13,2
DA:19,2
DA:20,4
DA:22,6
DA:24,2
DA:25,2
DA:26,2
DA:27,4
DA:28,2
DA:29,8
DA:34,2
DA:35,2
DA:36,2
DA:37,4
DA:38,2
DA:39,8
DA:44,1
DA:46,1
DA:48,1
DA:49,1
DA:50,3
DA:51,3
DA:52,3
DA:57,2
DA:60,2
DA:61,6
DA:62,6
DA:65,2
DA:66,4
LF:30
LH:29
end_of_record
SF:lib/app/shared/data/viewmodels/base_viewmodel.dart
DA:7,0
DA:8,0
DA:10,3
DA:11,3
DA:12,3
LF:5
LH:3
end_of_record
SF:lib/app/shared/network/error_response.dart
DA:22,0
DA:24,0
DA:25,0
DA:26,0
DA:27,0
DA:32,0
DA:33,0
DA:34,0
LF:8
LH:0
end_of_record
SF:lib/app/shared/network/network_mappers.dart
DA:7,1
DA:8,1
DA:9,0
DA:10,0
DA:11,1
DA:12,1
DA:13,1
LF:7
LH:5
end_of_record
SF:lib/constants/app_strings.dart
DA:2,0
LF:1
LH:0
end_of_record
SF:lib/app/shared/network/http_method.dart
DA:4,0
LF:1
LH:0
end_of_record
SF:lib/app/shared/network/http_request.dart
DA:12,1
DA:13,1
DA:14,2
DA:15,1
DA:16,4
DA:19,1
DA:20,2
DA:22,1
DA:23,3
DA:25,1
DA:27,2
DA:29,3
DA:30,1
DA:40,1
DA:42,1
LF:15
LH:15
end_of_record
SF:lib/app/shared/network/http_request_protocol.dart
DA:14,1
DA:15,2
DA:16,1
DA:17,2
DA:18,0
DA:19,0
LF:6
LH:4
end_of_record
SF:lib/app/shared/network/request_protocol.dart
DA:5,1
DA:6,2
DA:7,2
LF:3
LH:3
end_of_record
SF:lib/app/shared/repositories/quotes/requests/categories/categories_request.dart
DA:5,1
DA:6,1
LF:2
LH:2
end_of_record
SF:lib/app/shared/repositories/quotes/requests/categories/categories_response.dart
DA:7,2
DA:9,10
LF:2
LH:2
end_of_record
SF:lib/app/shared/repositories/quotes/requests/random/random_request.dart
DA:5,0
DA:6,0
LF:2
LH:0
end_of_record
SF:lib/app/shared/repositories/quotes/requests/random_category/random_category_request.dart
DA:7,0
DA:9,0
DA:10,0
LF:3
LH:0
end_of_record
SF:lib/app/shared/repositories/quotes/requests/random_category/random_category_response.dart
DA:7,0
DA:9,0
LF:2
LH:0
end_of_record
SF:lib/app/shared/repositories/quotes/requests/search/search_request.dart
DA:6,0
DA:8,0
DA:9,0
LF:3
LH:0
end_of_record
SF:lib/app/shared/repositories/quotes/requests/search/search_response.dart
DA:8,1
DA:9,3
DA:12,1
DA:14,2
DA:15,2
DA:16,3
DA:18,2
LF:7
LH:7
end_of_record
SF:lib/app/shared/repositories/quotes/service/quotes_service.dart
DA:8,1
DA:10,1
DA:11,1
DA:13,1
DA:15,1
DA:18,3
DA:21,1
DA:22,2
DA:24,1
DA:25,2
DA:27,1
DA:28,2
LF:12
LH:12
end_of_record
SF:lib/app/shared/repositories/quotes/service/quotes_endpoints.dart
DA:4,0
DA:6,1
DA:8,0
DA:9,1
DA:10,0
DA:11,0
LF:6
LH:2
end_of_record
SF:lib/app/helpers/extensions/string_extension.dart
DA:4,3
LF:1
LH:1
end_of_record
